#
# A fatal error has been detected by the Java Runtime Environment:
#
#  SIGILL (0x4) at pc=0x00007fff204c37d8, pid=44861, tid=34819
#
# JRE version: OpenJDK Runtime Environment (15.0.1+9) (build 15.0.1+9-18)
# Java VM: OpenJDK 64-Bit Server VM (15.0.1+9-18, mixed mode, sharing, tiered, compressed oops, g1 gc, bsd-amd64)
# Problematic frame:
# C  [libsystem_c.dylib+0x807d8]  __abort+0xa9
#
# No core dump will be written. Core dumps have been disabled. To enable core dumping, try "ulimit -c unlimited" before starting Java again
#
# If you would like to submit a bug report, please visit:
#   https://bugreport.java.com/bugreport/crash.jsp
#

---------------  S U M M A R Y ------------

Command Line: -agentlib:jdwp=transport=dt_socket,parameterServer=n,suspend=y,address=64220 -Dfile.encoding=UTF-8 -Duser.country=CN -Duser.language=zh -Duser.variant djl.Run

Host: MacBookPro16,1 x86_64 2300 MHz, 16 cores, 16G, Darwin 20.3.0
Time: Mon Apr 26 10:56:52 2021 CST elapsed time: 25.205419 seconds (0d 0h 0m 25s)

---------------  T H R E A D  ---------------

Current thread is native thread

Stack: [0x000070000c7f5000,0x000070000c875000],  sp=0x000070000c874b20,  free space=510k
Native frames: (J=compiled Java code, A=aot compiled Java code, j=interpreted, Vv=VM code, C=native code)
C  [libsystem_c.dylib+0x807d8]  __abort+0xa9
C  [libsystem_c.dylib+0x8072f]  __abort+0x0
C  [libsystem_malloc.dylib+0xf430]  has_default_zone0+0x0
C  [libsystem_malloc.dylib+0x23702]  malloc_zone_error+0xb7
C  [libsystem_malloc.dylib+0x7182]  tiny_free_list_add_ptr+0x4c8
C  [libsystem_malloc.dylib+0x67aa]  tiny_free_no_lock+0x45c
C  [libsystem_malloc.dylib+0x61f9]  free_tiny+0x1ba
C  [libmxnet.dylib+0x408f52e]  dnnl::impl::reorder_primitive_desc_iface_t::~reorder_primitive_desc_iface_t()+0x5e
C  [libmxnet.dylib+0x408efb5]  dnnl_primitive::~dnnl_primitive()+0x55
C  [libmxnet.dylib+0x408ec61]  dnnl_primitive_destroy+0x21
C  [libmxnet.dylib+0x34ff4e]  std::__1::__shared_ptr_pointer<dnnl_primitive*, dnnl_status_t (*)(dnnl_primitive*), std::__1::allocator<dnnl_primitive> >::__on_zero_shared()+0xe
C  [libmxnet.dylib+0x352821]  std::__1::__shared_ptr_emplace<dnnl::memory, std::__1::allocator<dnnl::memory> >::__on_zero_shared()+0x31
C  [libmxnet.dylib+0xc1d612]  std::__1::pair<mxnet::op::ParamOpSign<mxnet::op::SliceParam>, mxnet::op::MKLDNNSliceFwd>::~pair()+0x62
C  [libmxnet.dylib+0xc1ceac]  std::__1::unordered_map<mxnet::op::ParamOpSign<mxnet::op::SliceParam>, mxnet::op::MKLDNNSliceFwd, mxnet::op::OpHash, std::__1::equal_to<mxnet::op::ParamOpSign<mxnet::op::SliceParam> >, std::__1::allocator<std::__1::pair<mxnet::op::ParamOpSign<mxnet::op::SliceParam> const, mxnet::op::MKLDNNSliceFwd> > >::~unordered_map()+0x2c
C  [libdyld.dylib+0x14555]  tlv_finalize_list+0x33
C  [libsystem_pthread.dylib+0x496d]  _pthread_tsd_cleanup+0x19c
C  [libsystem_pthread.dylib+0x6f99]  _pthread_exit+0x46
C  [libsystem_pthread.dylib+0x695b]  _pthread_start+0xeb
C  [libsystem_pthread.dylib+0x247b]  thread_start+0xf


siginfo: si_signo: 4 (SIGILL), si_code: 1 (ILL_ILLOPC), si_addr: 0x00007fff204c37d8

Registers:
RAX=0x0000000000000000, RBX=0x0000000000000003, RCX=0x00007fff2053e83a, RDX=0x0000000000000000
RSP=0x000070000c874b20, RBP=0x000070000c874b60, RSI=0x000070000c874b30, RDI=0x0000000000000003
R8 =0x0000000000000000, R9 =0x0000000000989680, R10=0x000070000c8750ac, R11=0x0000000000000246
R12=0x000070000c874b30, R13=0x0000000000000043, R14=0x000070000c874b28, R15=0x0000000000000006
RIP=0x00007fff204c37d8, EFLAGS=0x0000000000010246, ERR=0x0000000000000000
  TRAPNO=0x0000000000000006

Top of Stack: (sp=0x000070000c874b20)
0x000070000c874b20:   000070000c874b60 0000000000000000
0x000070000c874b30:   00000000ffffffe7 ffffffff00000000
0x000070000c874b40:   0000000000000003 000000011086a028
0x000070000c874b50:   000070000c874b80 0000000000000000
0x000070000c874b60:   000070000c874ba0 00007fff204c372f
0x000070000c874b70:   000000011086a028 00007fff2053d409
0x000070000c874b80:   00007ffffffff9df ffffffff1086a000
0x000070000c874b90:   000000011086a000 0000000000000003
0x000070000c874ba0:   000070000c874c00 00007fff203a4430
0x000070000c874bb0:   0000000000000000 000070000c875000
0x000070000c874bc0:   000070000c874cc0 0000000000000000
0x000070000c874bd0:   00007fff203ba615 000000009ed4e7d1
0x000070000c874be0:   0000000000000000 1ae2d65c6e361306
0x000070000c874bf0:   0000000000000000 0000000000000000
0x000070000c874c00:   000070000c874ce0 00007fff203b8702
0x000070000c874c10:   0000000000000000 0000000000000000
0x000070000c874c20:   0000000000000000 00007fa95f45b720
0x000070000c874c30:   0000000000000000 0000000000000004
0x000070000c874c40:   000070000c874ca0 000000013450080c
0x000070000c874c50:   0000000000000040 0000000000000006
0x000070000c874c60:   0000000105406200 0000000000000006
0x000070000c874c70:   0000000010000000 0000000000000001
0x000070000c874c80:   0000000105406200 0000000000000001
0x000070000c874c90:   0000000000000010 00007fa8ddbb9e30
0x000070000c874ca0:   0000000000000002 0000000000000009
0x000070000c874cb0:   0000000105406200 0000000000000009
0x000070000c874cc0:   0000003000000028 000070000c874cf0
0x000070000c874cd0:   000070000c874c10 49a9887ecca00005
0x000070000c874ce0:   000070000c874d20 00007fff2039c182
0x000070000c874cf0:   0000000000080000 0000000000000005
0x000070000c874d00:   0000000105407600 0000000000000005
0x000070000c874d10:   0000000000000050 00007fa95f45b960 

Instructions: (pc=0x00007fff204c37d8)
0x00007fff204c36d8:   74 04 31 c0 ff d1 4c 8d 75 e0 41 c7 06 df f9 ff
0x00007fff204c36e8:   ff 48 8d 75 ec 83 0e ff 6a 03 5b 89 df 31 d2 e8
0x00007fff204c36f8:   90 0d 00 00 6a 01 5f e8 84 08 00 00 89 df 4c 89
0x00007fff204c3708:   f6 31 d2 e8 04 0d 00 00 e8 f3 0c 00 00 6a 06 5e
0x00007fff204c3718:   48 89 c7 e8 a6 0c 00 00 bf 10 27 00 00 e8 46 cb
0x00007fff204c3728:   fa ff e8 00 00 00 00 55 48 89 e5 41 57 41 56 41
0x00007fff204c3738:   54 53 48 83 ec 20 48 83 3d 52 9d 70 68 00 75 0e
0x00007fff204c3748:   48 8d 05 b0 6a 00 00 48 89 05 42 9d 70 68 4c 8d
0x00007fff204c3758:   65 d0 49 83 64 24 f8 00 b8 ff ff ff ff 49 89 04
0x00007fff204c3768:   24 6a 06 41 5f 4c 8d 75 c8 44 89 ff 4c 89 f6 31
0x00007fff204c3778:   d2 e8 ab 0a f9 ff 41 80 66 08 df 48 8d 75 dc 83
0x00007fff204c3788:   0e ff 6a 03 5b 89 df 31 d2 e8 f6 0c 00 00 6a 01
0x00007fff204c3798:   5f e8 ea 07 00 00 89 df 4c 89 e6 31 d2 e8 6a 0c
0x00007fff204c37a8:   00 00 e8 59 0c 00 00 48 89 c7 44 89 fe e8 0c 0c
0x00007fff204c37b8:   00 00 bf 10 27 00 00 e8 ac ca fa ff 41 c7 46 08
0x00007fff204c37c8:   e7 ff ff ff 89 df 4c 89 e6 31 d2 e8 b4 0c 00 00
0x00007fff204c37d8:   0f 0b 55 48 89 e5 41 56 53 48 81 ec d0 00 00 00
0x00007fff204c37e8:   49 89 fe 84 c0 74 23 0f 29 85 70 ff ff ff 0f 29
0x00007fff204c37f8:   4d 80 0f 29 55 90 0f 29 5d a0 0f 29 65 b0 0f 29
0x00007fff204c3808:   6d c0 0f 29 75 d0 0f 29 7d e0 48 89 b5 48 ff ff
0x00007fff204c3818:   ff 48 89 95 50 ff ff ff 48 89 8d 58 ff ff ff 4c
0x00007fff204c3828:   89 85 60 ff ff ff 4c 89 8d 68 ff ff ff e8 1a 08
0x00007fff204c3838:   00 00 48 85 c0 74 40 48 89 c3 48 8d 85 40 ff ff
0x00007fff204c3848:   ff 48 8d 95 20 ff ff ff 48 89 42 10 48 8d 45 10
0x00007fff204c3858:   48 89 42 08 48 b8 08 00 00 00 30 00 00 00 48 89
0x00007fff204c3868:   02 48 89 df 4c 89 f6 e8 fe 07 00 00 48 89 df e8
0x00007fff204c3878:   f0 07 00 00 49 89 c6 4c 89 35 12 9c 70 68 e8 1d
0x00007fff204c3888:   fe ff ff 55 48 89 e5 48 8d 3d a9 69 00 00 48 8d
0x00007fff204c3898:   35 b2 69 00 00 48 8d 0d 15 4d 00 00 6a 73 5a e8
0x00007fff204c38a8:   f0 ef ff ff 55 48 89 e5 48 8d 3d 89 2c 00 00 be
0x00007fff204c38b8:   57 00 00 00 31 c0 5d e9 1e f6 ff ff 55 48 89 e5
0x00007fff204c38c8:   31 ff e8 1b e6 ff ff 48 89 c7 e8 ec e2 ff ff 0f 



---------------  P R O C E S S  ---------------

VM state: not at safepoint (normal execution)

VM Mutex/Monitor currently owned by a thread: None

Heap address: 0x0000000700000000, size: 4096 MB, Compressed Oops mode: Zero based, Oop shift amount: 3
CDS archive(s) mapped at: [0x0000000800000000-0x0000000800b2b000-0x0000000800b2b000), size 11710464, SharedBaseAddress: 0x0000000800000000, ArchiveRelocationMode: 0.
Compressed class space mapped at: 0x0000000800b2c000-0x0000000840b2c000, size: 1073741824
Narrow klass base: 0x0000000800000000, Narrow klass shift: 3, Narrow klass range: 0x100000000

GC Precious Log:
 CPUs: 16 total, 16 available
 Memory: 16384M
 Large Page Support: Disabled
 NUMA Support: Disabled
 Compressed Oops: Enabled (Zero based)
 Heap Region Size: 2M
 Heap Min Capacity: 8M
 Heap Initial Capacity: 256M
 Heap Max Capacity: 4G
 Pre-touch: Disabled
 Parallel Workers: 13
 Concurrent Workers: 3
 Concurrent Refinement Workers: 13
 Periodic GC: Disabled

Heap:
 garbage-first heap   total 190464K, used 89725K [0x0000000700000000, 0x0000000800000000)
  region size 2048K, 14 young (28672K), 4 survivors (8192K)
 Metaspace       used 39886K, capacity 40246K, committed 40988K, reserved 1085440K
  class space    used 5198K, capacity 5333K, committed 5484K, reserved 1048576K

Heap Regions: E=young(eden), S=young(survivor), O=old, HS=humongous(starts), HC=humongous(continues), CS=collection set, F=free, OA=open archive, CA=closed archive, TAMS=top-at-mark-start (previous, next)
|   0|0x0000000700000000, 0x0000000700200000, 0x0000000700200000|100%| O|  |TAMS 0x0000000700200000, 0x0000000700000000| Untracked 
|   1|0x0000000700200000, 0x0000000700400000, 0x0000000700400000|100%| O|  |TAMS 0x0000000700400000, 0x0000000700200000| Untracked 
|   2|0x0000000700400000, 0x0000000700600000, 0x0000000700600000|100%| O|  |TAMS 0x0000000700600000, 0x0000000700400000| Untracked 
|   3|0x0000000700600000, 0x0000000700800000, 0x0000000700800000|100%| O|  |TAMS 0x0000000700800000, 0x0000000700600000| Untracked 
|   4|0x0000000700800000, 0x0000000700a00000, 0x0000000700a00000|100%| O|  |TAMS 0x000000070094aa00, 0x0000000700800000| Untracked 
|   5|0x0000000700a00000, 0x0000000700bc4800, 0x0000000700c00000| 88%| O|  |TAMS 0x0000000700a00000, 0x0000000700a00000| Untracked 
|   6|0x0000000700c00000, 0x0000000700e00000, 0x0000000700e00000|100%| O|  |TAMS 0x0000000700c00000, 0x0000000700c00000| Untracked 
|   7|0x0000000700e00000, 0x0000000701000000, 0x0000000701000000|100%| O|  |TAMS 0x0000000700e00000, 0x0000000700e00000| Untracked 
|   8|0x0000000701000000, 0x0000000701200000, 0x0000000701200000|100%| O|  |TAMS 0x0000000701000000, 0x0000000701000000| Untracked 
|   9|0x0000000701200000, 0x0000000701400000, 0x0000000701400000|100%| O|  |TAMS 0x0000000701200000, 0x0000000701200000| Untracked 
|  10|0x0000000701400000, 0x0000000701600000, 0x0000000701600000|100%| O|  |TAMS 0x0000000701400000, 0x0000000701400000| Untracked 
|  11|0x0000000701600000, 0x0000000701800000, 0x0000000701800000|100%| O|  |TAMS 0x0000000701600000, 0x0000000701600000| Untracked 
|  12|0x0000000701800000, 0x0000000701a00000, 0x0000000701a00000|100%| O|  |TAMS 0x0000000701800000, 0x0000000701800000| Untracked 
|  13|0x0000000701a00000, 0x0000000701c00000, 0x0000000701c00000|100%| O|  |TAMS 0x0000000701a00000, 0x0000000701a00000| Untracked 
|  14|0x0000000701c00000, 0x0000000701e00000, 0x0000000701e00000|100%| O|  |TAMS 0x0000000701c00000, 0x0000000701c00000| Untracked 
|  15|0x0000000701e00000, 0x0000000702000000, 0x0000000702000000|100%| O|  |TAMS 0x0000000701e00000, 0x0000000701e00000| Untracked 
|  16|0x0000000702000000, 0x0000000702200000, 0x0000000702200000|100%| O|  |TAMS 0x0000000702000000, 0x0000000702000000| Untracked 
|  17|0x0000000702200000, 0x0000000702400000, 0x0000000702400000|100%| O|  |TAMS 0x0000000702200000, 0x0000000702200000| Untracked 
|  18|0x0000000702400000, 0x0000000702600000, 0x0000000702600000|100%| O|  |TAMS 0x0000000702400000, 0x0000000702400000| Untracked 
|  19|0x0000000702600000, 0x0000000702800000, 0x0000000702800000|100%| O|  |TAMS 0x0000000702600000, 0x0000000702600000| Untracked 
|  20|0x0000000702800000, 0x0000000702a00000, 0x0000000702a00000|100%|HS|  |TAMS 0x0000000702800000, 0x0000000702800000| Complete 
|  21|0x0000000702a00000, 0x0000000702c00000, 0x0000000702c00000|100%| O|  |TAMS 0x0000000702a00000, 0x0000000702a00000| Untracked 
|  22|0x0000000702c00000, 0x0000000702e00000, 0x0000000702e00000|100%| O|  |TAMS 0x0000000702c00000, 0x0000000702c00000| Untracked 
|  23|0x0000000702e00000, 0x0000000703000000, 0x0000000703000000|100%| O|  |TAMS 0x0000000702e00000, 0x0000000702e00000| Untracked 
|  24|0x0000000703000000, 0x0000000703200000, 0x0000000703200000|100%| O|  |TAMS 0x0000000703000000, 0x0000000703000000| Untracked 
|  25|0x0000000703200000, 0x0000000703400000, 0x0000000703400000|100%| O|  |TAMS 0x0000000703200000, 0x0000000703200000| Untracked 
|  26|0x0000000703400000, 0x0000000703600000, 0x0000000703600000|100%| O|  |TAMS 0x0000000703400000, 0x0000000703400000| Untracked 
|  27|0x0000000703600000, 0x0000000703800000, 0x0000000703800000|100%| O|  |TAMS 0x0000000703600000, 0x0000000703600000| Untracked 
|  28|0x0000000703800000, 0x0000000703a00000, 0x0000000703a00000|100%| O|  |TAMS 0x0000000703800000, 0x0000000703800000| Untracked 
|  29|0x0000000703a00000, 0x0000000703c00000, 0x0000000703c00000|100%| O|  |TAMS 0x0000000703a00000, 0x0000000703a00000| Untracked 
|  30|0x0000000703c00000, 0x0000000703c3e200, 0x0000000703e00000| 12%| O|  |TAMS 0x0000000703c00000, 0x0000000703c00000| Untracked 
|  31|0x0000000703e00000, 0x0000000703e00000, 0x0000000704000000|  0%| F|  |TAMS 0x0000000703e00000, 0x0000000703e00000| Untracked 
|  32|0x0000000704000000, 0x0000000704000000, 0x0000000704200000|  0%| F|  |TAMS 0x0000000704000000, 0x0000000704000000| Untracked 
|  33|0x0000000704200000, 0x0000000704200000, 0x0000000704400000|  0%| F|  |TAMS 0x0000000704200000, 0x0000000704200000| Untracked 
|  34|0x0000000704400000, 0x0000000704400000, 0x0000000704600000|  0%| F|  |TAMS 0x0000000704400000, 0x0000000704400000| Untracked 
|  35|0x0000000704600000, 0x0000000704600000, 0x0000000704800000|  0%| F|  |TAMS 0x0000000704600000, 0x0000000704600000| Untracked 
|  36|0x0000000704800000, 0x0000000704800000, 0x0000000704a00000|  0%| F|  |TAMS 0x0000000704800000, 0x0000000704800000| Untracked 
|  37|0x0000000704a00000, 0x0000000704a00000, 0x0000000704c00000|  0%| F|  |TAMS 0x0000000704a00000, 0x0000000704a00000| Untracked 
|  38|0x0000000704c00000, 0x0000000704c00000, 0x0000000704e00000|  0%| F|  |TAMS 0x0000000704c00000, 0x0000000704c00000| Untracked 
|  39|0x0000000704e00000, 0x0000000704e00000, 0x0000000705000000|  0%| F|  |TAMS 0x0000000704e00000, 0x0000000704e00000| Untracked 
|  40|0x0000000705000000, 0x0000000705000000, 0x0000000705200000|  0%| F|  |TAMS 0x0000000705000000, 0x0000000705000000| Untracked 
|  41|0x0000000705200000, 0x0000000705400000, 0x0000000705400000|100%| S|CS|TAMS 0x0000000705200000, 0x0000000705200000| Complete 
|  42|0x0000000705400000, 0x0000000705400000, 0x0000000705600000|  0%| F|  |TAMS 0x0000000705400000, 0x0000000705400000| Untracked 
|  43|0x0000000705600000, 0x0000000705600000, 0x0000000705800000|  0%| F|  |TAMS 0x0000000705600000, 0x0000000705600000| Untracked 
|  44|0x0000000705800000, 0x0000000705800000, 0x0000000705a00000|  0%| F|  |TAMS 0x0000000705800000, 0x0000000705800000| Untracked 
|  45|0x0000000705a00000, 0x0000000705a00000, 0x0000000705c00000|  0%| F|  |TAMS 0x0000000705a00000, 0x0000000705a00000| Untracked 
|  46|0x0000000705c00000, 0x0000000705c00000, 0x0000000705e00000|  0%| F|  |TAMS 0x0000000705c00000, 0x0000000705c00000| Untracked 
|  47|0x0000000705e00000, 0x0000000706000000, 0x0000000706000000|100%| S|CS|TAMS 0x0000000705e00000, 0x0000000705e00000| Complete 
|  48|0x0000000706000000, 0x00000007061d2a00, 0x0000000706200000| 91%| O|  |TAMS 0x00000007061d2a00, 0x0000000706000000| Untracked 
|  49|0x0000000706200000, 0x0000000706400000, 0x0000000706400000|100%| S|CS|TAMS 0x0000000706200000, 0x0000000706200000| Complete 
|  50|0x0000000706400000, 0x0000000706600000, 0x0000000706600000|100%| S|CS|TAMS 0x0000000706400000, 0x0000000706400000| Complete 
|  51|0x0000000706600000, 0x0000000706600000, 0x0000000706800000|  0%| F|  |TAMS 0x0000000706600000, 0x0000000706600000| Untracked 
|  52|0x0000000706800000, 0x0000000706800000, 0x0000000706a00000|  0%| F|  |TAMS 0x0000000706800000, 0x0000000706800000| Untracked 
|  53|0x0000000706a00000, 0x0000000706a00000, 0x0000000706c00000|  0%| F|  |TAMS 0x0000000706a00000, 0x0000000706a00000| Untracked 
|  54|0x0000000706c00000, 0x0000000706c00000, 0x0000000706e00000|  0%| F|  |TAMS 0x0000000706c00000, 0x0000000706c00000| Untracked 
|  55|0x0000000706e00000, 0x0000000706e00000, 0x0000000707000000|  0%| F|  |TAMS 0x0000000706e00000, 0x0000000706e00000| Untracked 
|  56|0x0000000707000000, 0x0000000707000000, 0x0000000707200000|  0%| F|  |TAMS 0x0000000707000000, 0x0000000707000000| Untracked 
|  57|0x0000000707200000, 0x0000000707200000, 0x0000000707400000|  0%| F|  |TAMS 0x0000000707200000, 0x0000000707200000| Untracked 
|  58|0x0000000707400000, 0x0000000707400000, 0x0000000707600000|  0%| F|  |TAMS 0x0000000707400000, 0x0000000707400000| Untracked 
|  59|0x0000000707600000, 0x0000000707600000, 0x0000000707800000|  0%| F|  |TAMS 0x0000000707600000, 0x0000000707600000| Untracked 
|  60|0x0000000707800000, 0x0000000707800000, 0x0000000707a00000|  0%| F|  |TAMS 0x0000000707800000, 0x0000000707800000| Untracked 
|  61|0x0000000707a00000, 0x0000000707a00000, 0x0000000707c00000|  0%| F|  |TAMS 0x0000000707a00000, 0x0000000707a00000| Untracked 
|  62|0x0000000707c00000, 0x0000000707c00000, 0x0000000707e00000|  0%| F|  |TAMS 0x0000000707c00000, 0x0000000707c00000| Untracked 
|  63|0x0000000707e00000, 0x0000000707e00000, 0x0000000708000000|  0%| F|  |TAMS 0x0000000707e00000, 0x0000000707e00000| Untracked 
|  64|0x0000000708000000, 0x0000000708000000, 0x0000000708200000|  0%| F|  |TAMS 0x0000000708000000, 0x0000000708000000| Untracked 
|  65|0x0000000708200000, 0x0000000708200000, 0x0000000708400000|  0%| F|  |TAMS 0x0000000708200000, 0x0000000708200000| Untracked 
|  66|0x0000000708400000, 0x0000000708400000, 0x0000000708600000|  0%| F|  |TAMS 0x0000000708400000, 0x0000000708400000| Untracked 
|  67|0x0000000708600000, 0x0000000708600000, 0x0000000708800000|  0%| F|  |TAMS 0x0000000708600000, 0x0000000708600000| Untracked 
|  68|0x0000000708800000, 0x0000000708800000, 0x0000000708a00000|  0%| F|  |TAMS 0x0000000708800000, 0x0000000708800000| Untracked 
|  69|0x0000000708a00000, 0x0000000708a00000, 0x0000000708c00000|  0%| F|  |TAMS 0x0000000708a00000, 0x0000000708a00000| Untracked 
|  70|0x0000000708c00000, 0x0000000708c00000, 0x0000000708e00000|  0%| F|  |TAMS 0x0000000708c00000, 0x0000000708c00000| Untracked 
|  71|0x0000000708e00000, 0x0000000708e00000, 0x0000000709000000|  0%| F|  |TAMS 0x0000000708e00000, 0x0000000708e00000| Untracked 
|  72|0x0000000709000000, 0x0000000709000000, 0x0000000709200000|  0%| F|  |TAMS 0x0000000709000000, 0x0000000709000000| Untracked 
|  73|0x0000000709200000, 0x0000000709200000, 0x0000000709400000|  0%| F|  |TAMS 0x0000000709200000, 0x0000000709200000| Untracked 
|  74|0x0000000709400000, 0x0000000709400000, 0x0000000709600000|  0%| F|  |TAMS 0x0000000709400000, 0x0000000709400000| Untracked 
|  75|0x0000000709600000, 0x0000000709600000, 0x0000000709800000|  0%| F|  |TAMS 0x0000000709600000, 0x0000000709600000| Untracked 
|  76|0x0000000709800000, 0x0000000709800000, 0x0000000709a00000|  0%| F|  |TAMS 0x0000000709800000, 0x0000000709800000| Untracked 
|  77|0x0000000709a00000, 0x0000000709a00000, 0x0000000709c00000|  0%| F|  |TAMS 0x0000000709a00000, 0x0000000709a00000| Untracked 
|  78|0x0000000709c00000, 0x0000000709c00000, 0x0000000709e00000|  0%| F|  |TAMS 0x0000000709c00000, 0x0000000709c00000| Untracked 
|  79|0x0000000709e00000, 0x0000000709e00000, 0x000000070a000000|  0%| F|  |TAMS 0x0000000709e00000, 0x0000000709e00000| Untracked 
|  80|0x000000070a000000, 0x000000070a000000, 0x000000070a200000|  0%| F|  |TAMS 0x000000070a000000, 0x000000070a000000| Untracked 
|  81|0x000000070a200000, 0x000000070a275320, 0x000000070a400000| 22%| E|  |TAMS 0x000000070a200000, 0x000000070a200000| Complete 
|  82|0x000000070a400000, 0x000000070a5d56d0, 0x000000070a600000| 91%| E|  |TAMS 0x000000070a400000, 0x000000070a400000| Complete 
|  83|0x000000070a600000, 0x000000070a800000, 0x000000070a800000|100%| E|CS|TAMS 0x000000070a600000, 0x000000070a600000| Complete 
|  84|0x000000070a800000, 0x000000070aa00000, 0x000000070aa00000|100%| E|CS|TAMS 0x000000070a800000, 0x000000070a800000| Complete 
|  85|0x000000070aa00000, 0x000000070ac00000, 0x000000070ac00000|100%| E|CS|TAMS 0x000000070aa00000, 0x000000070aa00000| Complete 
|  86|0x000000070ac00000, 0x000000070ae00000, 0x000000070ae00000|100%| E|CS|TAMS 0x000000070ac00000, 0x000000070ac00000| Complete 
|  87|0x000000070ae00000, 0x000000070b000000, 0x000000070b000000|100%| E|CS|TAMS 0x000000070ae00000, 0x000000070ae00000| Complete 
|  88|0x000000070b000000, 0x000000070b200000, 0x000000070b200000|100%| E|CS|TAMS 0x000000070b000000, 0x000000070b000000| Complete 
|  89|0x000000070b200000, 0x000000070b400000, 0x000000070b400000|100%| E|CS|TAMS 0x000000070b200000, 0x000000070b200000| Complete 
| 125|0x000000070fa00000, 0x000000070fc00000, 0x000000070fc00000|100%| E|CS|TAMS 0x000000070fa00000, 0x000000070fa00000| Complete 
|1534|0x00000007bfc00000, 0x00000007bfd51000, 0x00000007bfe00000| 65%|OA|  |TAMS 0x00000007bfd51000, 0x00000007bfc00000| Untracked 
|1535|0x00000007bfe00000, 0x00000007bfe79000, 0x00000007c0000000| 23%|CA|  |TAMS 0x00000007bfe79000, 0x00000007bfe00000| Untracked 

Card table byte_map: [0x000000010efd2000,0x000000010f7d2000] _byte_map_base: 0x000000010b7d2000

Marking Bits (Prev, Next): (CMBitMap*) 0x00007fa95f80d010, (CMBitMap*) 0x00007fa95f80d050
 Prev Bits: [0x00000001287b3000, 0x000000012c7b3000)
 Next Bits: [0x000000012c7b3000, 0x00000001307b3000)

Polling page: 0x0000000105428000

Metaspace:

Usage:
  Non-class:     34.09 MB capacity,    33.88 MB (>99%) used,   169.43 KB ( <1%) free+waste,    55.44 KB ( <1%) overhead. 
      Class:      5.21 MB capacity,     5.08 MB ( 97%) used,   112.91 KB (  2%) free+waste,    21.81 KB ( <1%) overhead. 
       Both:     39.30 MB capacity,    38.95 MB (>99%) used,   282.34 KB ( <1%) free+waste,    77.25 KB ( <1%) overhead. 

Virtual space:
  Non-class space:       36.00 MB reserved,      34.67 MB ( 96%) committed 
      Class space:        1.00 GB reserved,       5.36 MB ( <1%) committed 
             Both:        1.04 GB reserved,      40.03 MB (  4%) committed 

Chunk freelists:
   Non-Class:  479.00 KB
       Class:  27.00 KB
        Both:  506.00 KB

MaxMetaspaceSize: 17179869184.00 GB
CompressedClassSpaceSize: 1.00 GB

CodeHeap 'non-profiled nmethods': size=119168Kb used=2222Kb max_used=2222Kb free=116945Kb
 bounds [0x0000000121353000, 0x00000001215c3000, 0x00000001287b3000]
CodeHeap 'profiled nmethods': size=119164Kb used=7274Kb max_used=7274Kb free=111889Kb
 bounds [0x0000000119ef4000, 0x000000011a614000, 0x0000000121353000]
CodeHeap 'non-nmethods': size=7428Kb used=1428Kb max_used=1530Kb free=5999Kb
 bounds [0x00000001197b3000, 0x0000000119a23000, 0x0000000119ef4000]
 total_blobs=4483 nmethods=3816 adapters=580
 compilation: enabled
              stopped_count=0, restarted_count=0
 full_count=0

Compilation events (20 events):
Event: 24.562 Thread 0x00007fa95f8d2e00 3932 %     4       ai.djl.mxnet.jna.PointerArray::setPointers @ 2 (42 bytes)
Event: 24.564 Thread 0x00007fa95f8d2e00 nmethod 3932% 0x000000012157a090 code [0x000000012157a240, 0x000000012157a618]
Event: 24.729 Thread 0x00007fa95f8d3400 3933 % !   3       ai.djl.translate.StackBatchifier::batchify @ 80 (361 bytes)
Event: 24.733 Thread 0x00007fa95f8d3400 nmethod 3933% 0x000000011a5fd510 code [0x000000011a5fdbe0, 0x000000011a603aa0]
Event: 24.734 Thread 0x00007fa95f8d3400 3934   !   3       ai.djl.translate.StackBatchifier::batchify (361 bytes)
Event: 24.738 Thread 0x00007fa95f8d3400 nmethod 3934 0x000000011a605d10 code [0x000000011a6063c0, 0x000000011a60aee0]
Event: 24.738 Thread 0x00007fa95f8d2e00 3935       4       ai.djl.util.NativeResource::getHandle (24 bytes)
Event: 24.738 Thread 0x00007fa95f8d3400 3936       3       ai.djl.mxnet.jna.JnaUtils::toPointerArray (46 bytes)
Event: 24.738 Thread 0x00007fa95f8d3400 nmethod 3936 0x000000011a60cf90 code [0x000000011a60d1a0, 0x000000011a60da70]
Event: 24.738 Thread 0x00007fa95f8d2e00 nmethod 3935 0x000000012157a910 code [0x000000012157aa80, 0x000000012157ab38]
Event: 24.741 Thread 0x00007fa95f8d2e00 3937 %     4       ai.djl.mxnet.jna.JnaUtils::toPointerArray @ 14 (46 bytes)
Event: 24.770 Thread 0x00007fa95f8d2e00 nmethod 3937% 0x000000012157ac10 code [0x000000012157ae20, 0x000000012157c0a8]
Event: 24.886 Thread 0x00007fa95f8d2e00 3939       4       jdk.internal.ref.PhantomCleanable::<init> (49 bytes)
Event: 24.889 Thread 0x00007fa95f8d3400 3941       3       java.nio.file.FileSystems::getDefault (14 bytes)
Event: 24.890 Thread 0x00007fa95f8d3400 nmethod 3941 0x000000011a60dd10 code [0x000000011a60dec0, 0x000000011a60e210]
Event: 24.890 Thread 0x00007fa95f8d3400 3942       3       java.nio.charset.CharsetEncoder::flush (49 bytes)
Event: 24.890 Thread 0x00007fa95f8d3400 nmethod 3942 0x000000011a60e390 code [0x000000011a60e540, 0x000000011a60e900]
Event: 24.901 Thread 0x00007fa95f8d2e00 nmethod 3939 0x000000012157cd10 code [0x000000012157cec0, 0x000000012157dc98]
Event: 24.905 Thread 0x00007fa95f8d2e00 3940   !   4       jdk.internal.ref.PhantomCleanable::insert (53 bytes)
Event: 24.912 Thread 0x00007fa95f8d2e00 nmethod 3940 0x000000012157e010 code [0x000000012157e1a0, 0x000000012157e818]

GC Heap History (20 events):
Event: 11.567 GC heap before
{Heap before GC invocations=22 (full 0):
 garbage-first heap   total 131072K, used 102004K [0x0000000700000000, 0x0000000800000000)
  region size 2048K, 34 young (69632K), 3 survivors (6144K)
 Metaspace       used 39161K, capacity 39576K, committed 40348K, reserved 1085440K
  class space    used 5096K, capacity 5259K, committed 5356K, reserved 1048576K
}
Event: 11.577 GC heap after
{Heap after GC invocations=23 (full 0):
 garbage-first heap   total 131072K, used 41284K [0x0000000700000000, 0x0000000800000000)
  region size 2048K, 4 young (8192K), 4 survivors (8192K)
 Metaspace       used 39161K, capacity 39576K, committed 40348K, reserved 1085440K
  class space    used 5096K, capacity 5259K, committed 5356K, reserved 1048576K
}
Event: 12.702 GC heap before
{Heap before GC invocations=23 (full 0):
 garbage-first heap   total 131072K, used 102724K [0x0000000700000000, 0x0000000800000000)
  region size 2048K, 34 young (69632K), 4 survivors (8192K)
 Metaspace       used 39161K, capacity 39576K, committed 40348K, reserved 1085440K
  class space    used 5096K, capacity 5259K, committed 5356K, reserved 1048576K
}
Event: 12.711 GC heap after
{Heap after GC invocations=24 (full 0):
 garbage-first heap   total 131072K, used 44289K [0x0000000700000000, 0x0000000800000000)
  region size 2048K, 3 young (6144K), 3 survivors (6144K)
 Metaspace       used 39161K, capacity 39576K, committed 40348K, reserved 1085440K
  class space    used 5096K, capacity 5259K, committed 5356K, reserved 1048576K
}
Event: 13.670 GC heap before
{Heap before GC invocations=24 (full 0):
 garbage-first heap   total 131072K, used 103681K [0x0000000700000000, 0x0000000800000000)
  region size 2048K, 32 young (65536K), 3 survivors (6144K)
 Metaspace       used 39161K, capacity 39576K, committed 40348K, reserved 1085440K
  class space    used 5096K, capacity 5259K, committed 5356K, reserved 1048576K
}
Event: 13.682 GC heap after
{Heap after GC invocations=25 (full 0):
 garbage-first heap   total 131072K, used 47399K [0x0000000700000000, 0x0000000800000000)
  region size 2048K, 3 young (6144K), 3 survivors (6144K)
 Metaspace       used 39161K, capacity 39576K, committed 40348K, reserved 1085440K
  class space    used 5096K, capacity 5259K, committed 5356K, reserved 1048576K
}
Event: 14.781 GC heap before
{Heap before GC invocations=25 (full 0):
 garbage-first heap   total 131072K, used 104743K [0x0000000700000000, 0x0000000800000000)
  region size 2048K, 31 young (63488K), 3 survivors (6144K)
 Metaspace       used 39161K, capacity 39576K, committed 40348K, reserved 1085440K
  class space    used 5096K, capacity 5259K, committed 5356K, reserved 1048576K
}
Event: 14.792 GC heap after
{Heap after GC invocations=26 (full 0):
 garbage-first heap   total 157696K, used 49914K [0x0000000700000000, 0x0000000800000000)
  region size 2048K, 3 young (6144K), 3 survivors (6144K)
 Metaspace       used 39161K, capacity 39576K, committed 40348K, reserved 1085440K
  class space    used 5096K, capacity 5259K, committed 5356K, reserved 1048576K
}
Event: 16.425 GC heap before
{Heap before GC invocations=26 (full 0):
 garbage-first heap   total 157696K, used 129786K [0x0000000700000000, 0x0000000800000000)
  region size 2048K, 41 young (83968K), 3 survivors (6144K)
 Metaspace       used 39161K, capacity 39576K, committed 40348K, reserved 1085440K
  class space    used 5096K, capacity 5259K, committed 5356K, reserved 1048576K
}
Event: 16.448 GC heap after
{Heap after GC invocations=27 (full 0):
 garbage-first heap   total 157696K, used 56000K [0x0000000700000000, 0x0000000800000000)
  region size 2048K, 5 young (10240K), 5 survivors (10240K)
 Metaspace       used 39161K, capacity 39576K, committed 40348K, reserved 1085440K
  class space    used 5096K, capacity 5259K, committed 5356K, reserved 1048576K
}
Event: 17.595 GC heap before
{Heap before GC invocations=27 (full 0):
 garbage-first heap   total 157696K, used 125632K [0x0000000700000000, 0x0000000800000000)
  region size 2048K, 39 young (79872K), 5 survivors (10240K)
 Metaspace       used 39161K, capacity 39576K, committed 40348K, reserved 1085440K
  class space    used 5096K, capacity 5259K, committed 5356K, reserved 1048576K
}
Event: 17.608 GC heap after
{Heap after GC invocations=28 (full 0):
 garbage-first heap   total 157696K, used 59825K [0x0000000700000000, 0x0000000800000000)
  region size 2048K, 4 young (8192K), 4 survivors (8192K)
 Metaspace       used 39161K, capacity 39576K, committed 40348K, reserved 1085440K
  class space    used 5096K, capacity 5259K, committed 5356K, reserved 1048576K
}
Event: 19.238 GC heap before
{Heap before GC invocations=28 (full 0):
 garbage-first heap   total 157696K, used 127409K [0x0000000700000000, 0x0000000800000000)
  region size 2048K, 37 young (75776K), 4 survivors (8192K)
 Metaspace       used 39161K, capacity 39576K, committed 40348K, reserved 1085440K
  class space    used 5096K, capacity 5259K, committed 5356K, reserved 1048576K
}
Event: 19.258 GC heap after
{Heap after GC invocations=29 (full 0):
 garbage-first heap   total 157696K, used 62639K [0x0000000700000000, 0x0000000800000000)
  region size 2048K, 4 young (8192K), 4 survivors (8192K)
 Metaspace       used 39161K, capacity 39576K, committed 40348K, reserved 1085440K
  class space    used 5096K, capacity 5259K, committed 5356K, reserved 1048576K
}
Event: 20.985 GC heap before
{Heap before GC invocations=29 (full 0):
 garbage-first heap   total 157696K, used 128175K [0x0000000700000000, 0x0000000800000000)
  region size 2048K, 36 young (73728K), 4 survivors (8192K)
 Metaspace       used 39827K, capacity 40243K, committed 40988K, reserved 1085440K
  class space    used 5192K, capacity 5332K, committed 5484K, reserved 1048576K
}
Event: 21.001 GC heap after
{Heap after GC invocations=30 (full 0):
 garbage-first heap   total 190464K, used 65429K [0x0000000700000000, 0x0000000800000000)
  region size 2048K, 3 young (6144K), 3 survivors (6144K)
 Metaspace       used 39827K, capacity 40243K, committed 40988K, reserved 1085440K
  class space    used 5192K, capacity 5332K, committed 5484K, reserved 1048576K
}
Event: 22.819 GC heap before
{Heap before GC invocations=30 (full 0):
 garbage-first heap   total 190464K, used 153493K [0x0000000700000000, 0x0000000800000000)
  region size 2048K, 46 young (94208K), 3 survivors (6144K)
 Metaspace       used 39827K, capacity 40243K, committed 40988K, reserved 1085440K
  class space    used 5192K, capacity 5332K, committed 5484K, reserved 1048576K
}
Event: 22.833 GC heap after
{Heap after GC invocations=31 (full 0):
 garbage-first heap   total 190464K, used 69823K [0x0000000700000000, 0x0000000800000000)
  region size 2048K, 6 young (12288K), 6 survivors (12288K)
 Metaspace       used 39827K, capacity 40243K, committed 40988K, reserved 1085440K
  class space    used 5192K, capacity 5332K, committed 5484K, reserved 1048576K
}
Event: 24.293 GC heap before
{Heap before GC invocations=31 (full 0):
 garbage-first heap   total 190464K, used 151743K [0x0000000700000000, 0x0000000800000000)
  region size 2048K, 46 young (94208K), 6 survivors (12288K)
 Metaspace       used 39827K, capacity 40243K, committed 40988K, reserved 1085440K
  class space    used 5192K, capacity 5332K, committed 5484K, reserved 1048576K
}
Event: 24.304 GC heap after
{Heap after GC invocations=32 (full 0):
 garbage-first heap   total 190464K, used 73341K [0x0000000700000000, 0x0000000800000000)
  region size 2048K, 4 young (8192K), 4 survivors (8192K)
 Metaspace       used 39827K, capacity 40243K, committed 40988K, reserved 1085440K
  class space    used 5192K, capacity 5332K, committed 5484K, reserved 1048576K
}

Deoptimization events (20 events):
Event: 24.737 Thread 0x00007fa962808200 Uncommon trap: trap_request=0xffffffde fr.pc=0x000000012154bcb4 relative=0x0000000000000394
Event: 24.737 Thread 0x00007fa962808200 Uncommon trap: reason=class_check action=maybe_recompile pc=0x000000012154bcb4 method=java.util.ArrayList.<init>(Ljava/util/Collection;)V @ 5 c2
Event: 24.737 Thread 0x00007fa962808200 DEOPT PACKING pc=0x000000012154bcb4 sp=0x000070000ac974b0
Event: 24.737 Thread 0x00007fa962808200 DEOPT UNPACKING pc=0x0000000119801125 sp=0x000070000ac97498 mode 2
Event: 24.886 Thread 0x00007fa962808200 Uncommon trap: trap_request=0xffffffc6 fr.pc=0x0000000121577450 relative=0x0000000000000410
Event: 24.886 Thread 0x00007fa962808200 Uncommon trap: reason=bimorphic_or_optimized_type_check action=maybe_recompile pc=0x0000000121577450 method=java.util.stream.ReferencePipeline$Head.forEach(Ljava/util/function/Consumer;)V @ 12 c2
Event: 24.886 Thread 0x00007fa962808200 DEOPT PACKING pc=0x0000000121577450 sp=0x000070000ac97730
Event: 24.886 Thread 0x00007fa962808200 DEOPT UNPACKING pc=0x0000000119801125 sp=0x000070000ac97718 mode 2
Event: 24.888 Thread 0x00007fa962808200 Uncommon trap: trap_request=0xffffff45 fr.pc=0x000000012153815c relative=0x000000000000069c
Event: 24.888 Thread 0x00007fa962808200 Uncommon trap: reason=unstable_if action=reinterpret pc=0x000000012153815c method=ai.djl.mxnet.jna.JnaUtils.checkCall(I)V @ 1 c2
Event: 24.888 Thread 0x00007fa962808200 DEOPT PACKING pc=0x000000012153815c sp=0x000070000ac974a0
Event: 24.888 Thread 0x00007fa962808200 DEOPT UNPACKING pc=0x0000000119801125 sp=0x000070000ac973b8 mode 2
Event: 24.888 Thread 0x00007fa962808200 Uncommon trap: trap_request=0xffffff45 fr.pc=0x00000001214c83a0 relative=0x0000000000004960
Event: 24.888 Thread 0x00007fa962808200 Uncommon trap: reason=unstable_if action=reinterpret pc=0x00000001214c83a0 method=com.sun.jna.Function.invoke(Ljava/lang/reflect/Method;[Ljava/lang/Class;Ljava/lang/Class;[Ljava/lang/Object;Ljava/util/Map;)Ljava/lang/Object; @ 8 c2
Event: 24.888 Thread 0x00007fa962808200 DEOPT PACKING pc=0x00000001214c83a0 sp=0x000070000ac970c0
Event: 24.888 Thread 0x00007fa962808200 DEOPT UNPACKING pc=0x0000000119801125 sp=0x000070000ac97118 mode 2
Event: 24.888 Thread 0x00007fa962808200 Uncommon trap: trap_request=0xffffff45 fr.pc=0x00000001214ecc80 relative=0x00000000000002c0
Event: 24.888 Thread 0x00007fa962808200 Uncommon trap: reason=unstable_if action=reinterpret pc=0x00000001214ecc80 method=com.sun.jna.Function.invoke([Ljava/lang/Object;Ljava/lang/Class;ZI)Ljava/lang/Object; @ 194 c2
Event: 24.888 Thread 0x00007fa962808200 DEOPT PACKING pc=0x00000001214ecc80 sp=0x000070000ac970b0
Event: 24.888 Thread 0x00007fa962808200 DEOPT UNPACKING pc=0x0000000119801125 sp=0x000070000ac97058 mode 2

Classes unloaded (0 events):
No events

Classes redefined (0 events):
No events

Internal exceptions (20 events):
Event: 4.239 Thread 0x00007fa962808200 Exception <a 'java/lang/ClassNotFoundException'{0x0000000704117e38}: jdk/internal/platform/CgroupMetrics> (0x0000000704117e38) 
thrown [./open/src/hotspot/share/classfile/systemDictionary.cpp, line 295]
Event: 4.266 Thread 0x00007fa962808200 Exception <a 'java/lang/NoSuchMethodError'{0x0000000703e29400}: 'java.lang.Object java.lang.invoke.DirectMethodHandle$Holder.invokeStaticInit(java.lang.Object, java.lang.Object, java.lang.Object, java.lang.Object, java.lang.Object)'> (0x0000000703e29400) 
thrown [./open/src/hotspot/share/interpreter/linkResolver.cpp, line 782]
Event: 4.267 Thread 0x00007fa962808200 Exception <a 'java/lang/NoSuchMethodError'{0x0000000703e3b558}: 'long java.lang.invoke.DirectMethodHandle$Holder.invokeStatic(java.lang.Object)'> (0x0000000703e3b558) 
thrown [./open/src/hotspot/share/interpreter/linkResolver.cpp, line 782]
Event: 4.430 Thread 0x00007fa962808200 Exception <a 'java/lang/NoSuchMethodError'{0x0000000704bf9398}: 'int java.lang.invoke.DirectMethodHandle$Holder.invokeStaticInit(java.lang.Object, java.lang.Object, java.lang.Object)'> (0x0000000704bf9398) 
thrown [./open/src/hotspot/share/interpreter/linkResolver.cpp, line 782]
Event: 4.441 Thread 0x00007fa960a97800 Exception <a 'java/lang/NoSuchMethodError'{0x00000007049bac88}: 'long java.lang.invoke.DirectMethodHandle$Holder.invokeStatic(java.lang.Object, java.lang.Object)'> (0x00000007049bac88) 
thrown [./open/src/hotspot/share/interpreter/linkResolver.cpp, line 782]
Event: 4.441 Thread 0x00007fa960a94000 Exception <a 'java/lang/NoSuchMethodError'{0x00000007049c89a0}: 'long java.lang.invoke.DirectMethodHandle$Holder.invokeStatic(java.lang.Object, java.lang.Object)'> (0x00000007049c89a0) 
thrown [./open/src/hotspot/share/interpreter/linkResolver.cpp, line 782]
Event: 4.445 Thread 0x00007fa960a97800 Exception <a 'java/lang/NoSuchMethodError'{0x000000070463c598}: 'java.lang.Object java.lang.invoke.DirectMethodHandle$Holder.invokeStatic(java.lang.Object, java.lang.Object, java.lang.Object, long)'> (0x000000070463c598) 
thrown [./open/src/hotspot/share/interpreter/linkResolver.cpp, line 782]
Event: 4.451 Thread 0x00007fa960a97800 Implicit null exception at 0x00000001213cb1c8 to 0x00000001213cb7e4
Event: 4.834 Thread 0x00007fa962808200 Implicit null exception at 0x00000001214bba20 to 0x00000001214bfe20
Event: 20.089 Thread 0x00007fa962afd600 Exception <a 'java/lang/NoSuchMethodError'{0x00000007074427e8}: 'java.lang.Object java.lang.invoke.DirectMethodHandle$Holder.invokeStaticInit(java.lang.Object, java.lang.Object, long, java.lang.Object)'> (0x00000007074427e8) 
thrown [./open/src/hotspot/share/interpreter/linkResolver.cpp, line 782]
Event: 20.120 Thread 0x00007fa962afd600 Exception <a 'java/lang/NoSuchMethodError'{0x0000000707017250}: 'java.lang.Object java.lang.invoke.DirectMethodHandle$Holder.invokeStatic(java.lang.Object, java.lang.Object, long, java.lang.Object, java.lang.Object)'> (0x0000000707017250) 
thrown [./open/src/hotspot/share/interpreter/linkResolver.cpp, line 782]
Event: 20.121 Thread 0x00007fa962afd600 Exception <a 'java/lang/NoSuchMethodError'{0x000000070703f308}: 'java.lang.Object java.lang.invoke.DirectMethodHandle$Holder.newInvokeSpecial(java.lang.Object, java.lang.Object, long, java.lang.Object)'> (0x000000070703f308) 
thrown [./open/src/hotspot/share/interpreter/linkResolver.cpp, line 782]
Event: 20.121 Thread 0x00007fa962afd600 Exception <a 'java/lang/NoSuchMethodError'{0x0000000707043538}: 'java.lang.Object java.lang.invoke.DirectMethodHandle$Holder.invokeSpecial(java.lang.Object, java.lang.Object, java.lang.Object, long, java.lang.Object)'> (0x0000000707043538) 
thrown [./open/src/hotspot/share/interpreter/linkResolver.cpp, line 782]
Event: 20.121 Thread 0x00007fa962afd600 Exception <a 'java/lang/NoSuchMethodError'{0x0000000707047058}: 'java.lang.Object java.lang.invoke.Invokers$Holder.linkToTargetMethod(java.lang.Object, long, java.lang.Object, java.lang.Object)'> (0x0000000707047058) 
thrown [./open/src/hotspot/share/interpreter/linkResolver.cpp, line 782]
Event: 20.127 Thread 0x00007fa960a97800 Exception <a 'java/lang/NoSuchMethodError'{0x00000007070d2bd8}: 'java.lang.Object java.lang.invoke.DirectMethodHandle$Holder.invokeStatic(java.lang.Object, java.lang.Object, java.lang.Object, long, java.lang.Object)'> (0x00000007070d2bd8) 
thrown [./open/src/hotspot/share/interpreter/linkResolver.cpp, line 782]
Event: 24.885 Thread 0x00007fa962808200 Exception <a 'java/lang/NoSuchMethodError'{0x000000070a6d3ab0}: 'void java.lang.invoke.DirectMethodHandle$Holder.invokeVirtual(java.lang.Object, java.lang.Object)'> (0x000000070a6d3ab0) 
thrown [./open/src/hotspot/share/interpreter/linkResolver.cpp, line 782]
Event: 24.888 Thread 0x00007fa962808200 Implicit null exception at 0x00000001214c3af6 to 0x00000001214c8368
Event: 24.890 Thread 0x00007fa962808200 Exception <a 'sun/nio/fs/UnixException'{0x000000070a6deab0}> (0x000000070a6deab0) 
thrown [./open/src/hotspot/share/prims/jni.cpp, line 578]
Event: 24.893 Thread 0x00007fa962808200 Exception <a 'sun/nio/fs/UnixException'{0x000000070a6e5bf8}> (0x000000070a6e5bf8) 
thrown [./open/src/hotspot/share/prims/jni.cpp, line 578]
Event: 24.893 Thread 0x00007fa962808200 Exception <a 'java/lang/NullPointerException'{0x000000070a6e64a8}> (0x000000070a6e64a8) 
thrown [./open/src/hotspot/share/interpreter/linkResolver.cpp, line 1374]

Events (20 events):
Event: 20.985 Executing VM operation: G1CollectForAllocation
Event: 21.001 Executing VM operation: G1CollectForAllocation done
Event: 21.001 Executing VM operation: HandshakeAllThreads
Event: 21.001 Executing VM operation: HandshakeAllThreads done
Event: 22.819 Executing VM operation: G1CollectForAllocation
Event: 22.833 Executing VM operation: G1CollectForAllocation done
Event: 24.293 Executing VM operation: G1CollectForAllocation
Event: 24.305 Executing VM operation: G1CollectForAllocation done
Event: 24.854 Protecting memory [0x000070000bcce000,0x000070000bcd2000] with protection modes 3
Event: 24.854 Thread 0x00007fa960831800 Thread exited: 0x00007fa960831800
Event: 24.890 loading class sun/nio/fs/UnixException
Event: 24.890 loading class sun/nio/fs/UnixException done
Event: 24.890 loading class java/nio/file/FileAlreadyExistsException
Event: 24.890 loading class java/nio/file/FileSystemException
Event: 24.890 loading class java/nio/file/FileSystemException done
Event: 24.891 loading class java/nio/file/FileAlreadyExistsException done
Event: 24.892 loading class sun/nio/fs/UnixChannelFactory$1
Event: 24.892 loading class sun/nio/fs/UnixChannelFactory$1 done
Event: 24.892 loading class java/nio/channels/Channels$1
Event: 24.892 loading class java/nio/channels/Channels$1 done


Dynamic libraries:
0x00007fff2a6aa000 	/usr/lib/libz.1.dylib
0x00000001053e8000 	/Users/nathan/Library/Java/JavaVirtualMachines/openjdk-15.0.1/Contents/Home/lib/libjli.dylib
0x00007fff351fc000 	/System/Library/Frameworks/Cocoa.framework/Versions/A/Cocoa
0x00007fff22421000 	/System/Library/Frameworks/Security.framework/Versions/A/Security
0x00007fff333f9000 	/System/Library/Frameworks/ApplicationServices.framework/Versions/A/ApplicationServices
0x00007fff2a772000 	/usr/lib/libSystem.B.dylib
0x00007fff2a76c000 	/usr/lib/system/libcache.dylib
0x00007fff2a728000 	/usr/lib/system/libcommonCrypto.dylib
0x00007fff2a752000 	/usr/lib/system/libcompiler_rt.dylib
0x00007fff2a747000 	/usr/lib/system/libcopyfile.dylib
0x00007fff202f5000 	/usr/lib/system/libcorecrypto.dylib
0x00007fff203c2000 	/usr/lib/system/libdispatch.dylib
0x00007fff20576000 	/usr/lib/system/libdyld.dylib
0x00007fff2a763000 	/usr/lib/system/libkeymgr.dylib
0x00007fff2dbab000 	/usr/lib/system/liblaunch.dylib
0x00007fff2a706000 	/usr/lib/system/libmacho.dylib
0x00007fff29f20000 	/usr/lib/system/libquarantine.dylib
0x00007fff2a760000 	/usr/lib/system/libremovefile.dylib
0x00007fff24db8000 	/usr/lib/system/libsystem_asl.dylib
0x00007fff202a5000 	/usr/lib/system/libsystem_blocks.dylib
0x00007fff20443000 	/usr/lib/system/libsystem_c.dylib
0x00007fff2a75a000 	/usr/lib/system/libsystem_collections.dylib
0x00007fff29214000 	/usr/lib/system/libsystem_configuration.dylib
0x00007fff28507000 	/usr/lib/system/libsystem_containermanager.dylib
0x00007fff2a4a2000 	/usr/lib/system/libsystem_coreservices.dylib
0x00007fff229d5000 	/usr/lib/system/libsystem_darwin.dylib
0x00007fff2a764000 	/usr/lib/system/libsystem_dnssd.dylib
0x00007fff20440000 	/usr/lib/system/libsystem_featureflags.dylib
0x00007fff205bb000 	/usr/lib/system/libsystem_info.dylib
0x00007fff2a6bd000 	/usr/lib/system/libsystem_m.dylib
0x00007fff20395000 	/usr/lib/system/libsystem_malloc.dylib
0x00007fff24d4c000 	/usr/lib/system/libsystem_networkextension.dylib
0x00007fff22df0000 	/usr/lib/system/libsystem_notify.dylib
0x00007fff3005f000 	/usr/lib/system/libsystem_product_info_filter.dylib
0x00007fff29218000 	/usr/lib/system/libsystem_sandbox.dylib
0x00007fff2a75d000 	/usr/lib/system/libsystem_secinit.dylib
0x00007fff2053b000 	/usr/lib/system/libsystem_kernel.dylib
0x00007fff205b1000 	/usr/lib/system/libsystem_platform.dylib
0x00007fff2056a000 	/usr/lib/system/libsystem_pthread.dylib
0x00007fff264b7000 	/usr/lib/system/libsystem_symptoms.dylib
0x00007fff202dd000 	/usr/lib/system/libsystem_trace.dylib
0x00007fff2a734000 	/usr/lib/system/libunwind.dylib
0x00007fff202a7000 	/usr/lib/system/libxpc.dylib
0x00007fff20522000 	/usr/lib/libc++abi.dylib
0x00007fff20407000 	/usr/lib/libobjc.A.dylib
0x00007fff2a73f000 	/usr/lib/liboah.dylib
0x00007fff204cc000 	/usr/lib/libc++.1.dylib
0x00007fff205e7000 	/System/Library/Frameworks/CoreFoundation.framework/Versions/A/CoreFoundation
0x00007fff21394000 	/System/Library/Frameworks/Foundation.framework/Versions/C/Foundation
0x00007fff22e48000 	/System/Library/Frameworks/AppKit.framework/Versions/C/AppKit
0x00007fff25ce0000 	/System/Library/Frameworks/CoreData.framework/Versions/A/CoreData
0x00007fff23bab000 	/System/Library/PrivateFrameworks/UIFoundation.framework/Versions/A/UIFoundation
0x00007fff2fdd8000 	/System/Library/PrivateFrameworks/RemoteViewServices.framework/Versions/A/RemoteViewServices
0x00007fff28bd1000 	/System/Library/PrivateFrameworks/XCTTargetBootstrap.framework/Versions/A/XCTTargetBootstrap
0x00007fff2b8b2000 	/usr/lib/libspindump.dylib
0x00007fff23e00000 	/System/Library/Frameworks/UniformTypeIdentifiers.framework/Versions/A/UniformTypeIdentifiers
0x00007fff273a7000 	/usr/lib/libapp_launch_measurement.dylib
0x00007fff273aa000 	/System/Library/PrivateFrameworks/CoreAutoLayout.framework/Versions/A/CoreAutoLayout
0x00007fff28533000 	/System/Library/Frameworks/Metal.framework/Versions/A/Metal
0x00007fff29223000 	/usr/lib/liblangid.dylib
0x00007fff28bd5000 	/System/Library/PrivateFrameworks/CoreSVG.framework/Versions/A/CoreSVG
0x00007fff24de7000 	/System/Library/PrivateFrameworks/SkyLight.framework/Versions/A/SkyLight
0x00007fff2514e000 	/System/Library/Frameworks/CoreGraphics.framework/Versions/A/CoreGraphics
0x00007fff3042f000 	/System/Library/Frameworks/Accelerate.framework/Versions/A/Accelerate
0x00007fff2b2ed000 	/System/Library/PrivateFrameworks/IconServices.framework/Versions/A/IconServices
0x00007fff28518000 	/System/Library/Frameworks/IOSurface.framework/Versions/A/IOSurface
0x00007fff26669000 	/usr/lib/libDiagnosticMessagesClient.dylib
0x00007fff28bbd000 	/System/Library/PrivateFrameworks/DFRFoundation.framework/Versions/A/DFRFoundation
0x00007fff22773000 	/usr/lib/libicucore.A.dylib
0x00007fff2cdf9000 	/System/Library/Frameworks/AudioToolbox.framework/Versions/A/AudioToolbox
0x00007fff2c09e000 	/System/Library/PrivateFrameworks/DataDetectorsCore.framework/Versions/A/DataDetectorsCore
0x00007fff288bd000 	/System/Library/Frameworks/Carbon.framework/Versions/A/Frameworks/HIToolbox.framework/Versions/A/HIToolbox
0x00007fff26e02000 	/System/Library/Frameworks/QuartzCore.framework/Versions/A/QuartzCore
0x00007fff2fe14000 	/System/Library/Frameworks/Carbon.framework/Versions/A/Frameworks/SpeechRecognition.framework/Versions/A/SpeechRecognition
0x00007fff2710f000 	/System/Library/PrivateFrameworks/CoreUI.framework/Versions/A/CoreUI
0x00007fff21d7c000 	/System/Library/Frameworks/CoreAudio.framework/Versions/A/CoreAudio
0x00007fff26754000 	/System/Library/Frameworks/DiskArbitration.framework/Versions/A/DiskArbitration
0x00007fff2bcad000 	/System/Library/PrivateFrameworks/MultitouchSupport.framework/Versions/A/MultitouchSupport
0x00007fff2c095000 	/System/Library/PrivateFrameworks/InternationalSupport.framework/Versions/A/InternationalSupport
0x00007fff24d5b000 	/usr/lib/libenergytrace.dylib
0x00007fff22d41000 	/System/Library/Frameworks/IOKit.framework/Versions/A/IOKit
0x00007fff30161000 	/System/Library/Frameworks/CoreServices.framework/Versions/A/CoreServices
0x00007fff2733d000 	/System/Library/PrivateFrameworks/PerformanceAnalysis.framework/Versions/A/PerformanceAnalysis
0x00007fff6cacb000 	/System/Library/Frameworks/OpenGL.framework/Versions/A/OpenGL
0x00007fff2c11a000 	/System/Library/PrivateFrameworks/UserActivity.framework/Versions/A/UserActivity
0x00007fff257e2000 	/System/Library/Frameworks/ColorSync.framework/Versions/A/ColorSync
0x00007fff28e3a000 	/System/Library/Frameworks/CoreImage.framework/Versions/A/CoreImage
0x00007fff21b93000 	/System/Library/Frameworks/CoreText.framework/Versions/A/CoreText
0x00007fff28bff000 	/System/Library/Frameworks/ImageIO.framework/Versions/A/ImageIO
0x00007fff2a778000 	/System/Library/PrivateFrameworks/SoftLinking.framework/Versions/A/SoftLinking
0x00007fff273f3000 	/usr/lib/libxml2.2.dylib
0x00007fff2a9ea000 	/usr/lib/libcompression.dylib
0x00007fff24d5c000 	/usr/lib/libMobileGestalt.dylib
0x00007fff2bfc8000 	/System/Library/PrivateFrameworks/TextureIO.framework/Versions/A/TextureIO
0x00007fff2b010000 	/usr/lib/libate.dylib
0x00007fff2adf5000 	/usr/lib/liblzma.5.dylib
0x00007fff210a8000 	/System/Library/Frameworks/SystemConfiguration.framework/Versions/A/SystemConfiguration
0x00007fff2a774000 	/usr/lib/libfakelink.dylib
0x00007fff248ae000 	/System/Library/Frameworks/CFNetwork.framework/Versions/A/CFNetwork
0x00007fff2a8b4000 	/usr/lib/libarchive.2.dylib
0x00007fff21126000 	/usr/lib/libCRFSuite.dylib
0x00007fff29f47000 	/usr/lib/libbsm.0.dylib
0x00007fff2426a000 	/usr/lib/libnetwork.dylib
0x00007fff2a779000 	/usr/lib/libpcap.A.dylib
0x00007fff264b0000 	/usr/lib/libdns_services.dylib
0x00007fff2ae0e000 	/usr/lib/libcoretls_cfhelpers.dylib
0x00007fff2a9b8000 	/usr/lib/libapple_nghttp2.dylib
0x00007fff2a70c000 	/usr/lib/system/libkxld.dylib
0x00007fff26116000 	/usr/lib/libsqlite3.dylib
0x00007fff2a484000 	/System/Library/PrivateFrameworks/AppleFSCompression.framework/Versions/A/AppleFSCompression
0x00007fff29f2f000 	/usr/lib/libcoretls.dylib
0x00007fff2a9e5000 	/usr/lib/libpam.2.dylib
0x00007fff2af0b000 	/usr/lib/libxar.1.dylib
0x00007fff2921f000 	/System/Library/PrivateFrameworks/AppleSystemInfo.framework/Versions/A/AppleSystemInfo
0x00007fff29b72000 	/System/Library/PrivateFrameworks/IOMobileFramebuffer.framework/Versions/A/IOMobileFramebuffer
0x00007fff2a494000 	/usr/lib/libbz2.1.0.dylib
0x00007fff2a7b1000 	/usr/lib/libiconv.2.dylib
0x00007fff2a705000 	/usr/lib/libcharset.1.dylib
0x00007fff27379000 	/System/Library/Frameworks/CoreServices.framework/Versions/A/Frameworks/FSEvents.framework/Versions/A/FSEvents
0x00007fff229df000 	/System/Library/Frameworks/CoreServices.framework/Versions/A/Frameworks/CarbonCore.framework/Versions/A/CarbonCore
0x00007fff266b9000 	/System/Library/Frameworks/CoreServices.framework/Versions/A/Frameworks/Metadata.framework/Versions/A/Metadata
0x00007fff2a4a7000 	/System/Library/Frameworks/CoreServices.framework/Versions/A/Frameworks/OSServices.framework/Versions/A/OSServices
0x00007fff2a926000 	/System/Library/Frameworks/CoreServices.framework/Versions/A/Frameworks/SearchKit.framework/Versions/A/SearchKit
0x00007fff2643a000 	/System/Library/Frameworks/CoreServices.framework/Versions/A/Frameworks/AE.framework/Versions/A/AE
0x00007fff20a83000 	/System/Library/Frameworks/CoreServices.framework/Versions/A/Frameworks/LaunchServices.framework/Versions/A/LaunchServices
0x00007fff2ada6000 	/System/Library/Frameworks/CoreServices.framework/Versions/A/Frameworks/DictionaryServices.framework/Versions/A/DictionaryServices
0x00007fff27382000 	/System/Library/Frameworks/CoreServices.framework/Versions/A/Frameworks/SharedFileList.framework/Versions/A/SharedFileList
0x00007fff29f23000 	/usr/lib/libCheckFix.dylib
0x00007fff24dcf000 	/System/Library/PrivateFrameworks/TCC.framework/Versions/A/TCC
0x00007fff29225000 	/System/Library/PrivateFrameworks/CoreNLP.framework/Versions/A/CoreNLP
0x00007fff2666c000 	/System/Library/PrivateFrameworks/MetadataUtilities.framework/Versions/A/MetadataUtilities
0x00007fff2115c000 	/usr/lib/libmecabra.dylib
0x00007fff2a236000 	/System/Library/Frameworks/MLCompute.framework/Versions/A/MLCompute
0x00007fff29f58000 	/usr/lib/libmecab.dylib
0x00007fff29fa2000 	/usr/lib/libgermantok.dylib
0x00007fff2a98e000 	/usr/lib/libThaiTokenizer.dylib
0x00007fff2af46000 	/usr/lib/libChineseTokenizer.dylib
0x00007fff2a9e3000 	/System/Library/Frameworks/MetalPerformanceShaders.framework/Versions/A/MetalPerformanceShaders
0x00007fff2675b000 	/System/Library/Frameworks/Accelerate.framework/Versions/A/Frameworks/vImage.framework/Versions/A/vImage
0x00007fff3013a000 	/System/Library/Frameworks/Accelerate.framework/Versions/A/Frameworks/vecLib.framework/Versions/A/vecLib
0x00007fff2af51000 	/System/Library/Frameworks/Accelerate.framework/Versions/A/Frameworks/vecLib.framework/Versions/A/libvMisc.dylib
0x00007fff2998b000 	/System/Library/Frameworks/Accelerate.framework/Versions/A/Frameworks/vecLib.framework/Versions/A/libvDSP.dylib
0x00007fff20d87000 	/System/Library/Frameworks/Accelerate.framework/Versions/A/Frameworks/vecLib.framework/Versions/A/libBLAS.dylib
0x00007fff2aa09000 	/System/Library/Frameworks/Accelerate.framework/Versions/A/Frameworks/vecLib.framework/Versions/A/libLAPACK.dylib
0x00007fff29fa8000 	/System/Library/Frameworks/Accelerate.framework/Versions/A/Frameworks/vecLib.framework/Versions/A/libLinearAlgebra.dylib
0x00007fff2a9d0000 	/System/Library/Frameworks/Accelerate.framework/Versions/A/Frameworks/vecLib.framework/Versions/A/libSparseBLAS.dylib
0x00007fff2aa03000 	/System/Library/Frameworks/Accelerate.framework/Versions/A/Frameworks/vecLib.framework/Versions/A/libQuadrature.dylib
0x00007fff292cd000 	/System/Library/Frameworks/Accelerate.framework/Versions/A/Frameworks/vecLib.framework/Versions/A/libBNNS.dylib
0x00007fff21039000 	/System/Library/Frameworks/Accelerate.framework/Versions/A/Frameworks/vecLib.framework/Versions/A/libSparse.dylib
0x00007fff291b8000 	/System/Library/Frameworks/MetalPerformanceShaders.framework/Versions/A/Frameworks/MPSCore.framework/Versions/A/MPSCore
0x00007fff2a3f3000 	/System/Library/Frameworks/MetalPerformanceShaders.framework/Versions/A/Frameworks/MPSImage.framework/Versions/A/MPSImage
0x00007fff29fbe000 	/System/Library/Frameworks/MetalPerformanceShaders.framework/Versions/A/Frameworks/MPSNeuralNetwork.framework/Versions/A/MPSNeuralNetwork
0x00007fff2a37e000 	/System/Library/Frameworks/MetalPerformanceShaders.framework/Versions/A/Frameworks/MPSMatrix.framework/Versions/A/MPSMatrix
0x00007fff2a1e6000 	/System/Library/Frameworks/MetalPerformanceShaders.framework/Versions/A/Frameworks/MPSRayIntersector.framework/Versions/A/MPSRayIntersector
0x00007fff2a3b5000 	/System/Library/Frameworks/MetalPerformanceShaders.framework/Versions/A/Frameworks/MPSNDArray.framework/Versions/A/MPSNDArray
0x00007fff20cb3000 	/System/Library/PrivateFrameworks/MetalTools.framework/Versions/A/MetalTools
0x00007fff2921d000 	/System/Library/PrivateFrameworks/AggregateDictionary.framework/Versions/A/AggregateDictionary
0x00007fff26644000 	/System/Library/PrivateFrameworks/CoreAnalytics.framework/Versions/A/CoreAnalytics
0x00007fff2a990000 	/System/Library/PrivateFrameworks/AppleSauce.framework/Versions/A/AppleSauce
0x00007fff2852a000 	/System/Library/PrivateFrameworks/IOAccelerator.framework/Versions/A/IOAccelerator
0x00007fff6cabf000 	/System/Library/Frameworks/OpenGL.framework/Versions/A/Libraries/libCoreFSCache.dylib
0x00007fff216f8000 	/System/Library/PrivateFrameworks/LanguageModeling.framework/Versions/A/LanguageModeling
0x00007fff29b5f000 	/System/Library/PrivateFrameworks/CoreEmoji.framework/Versions/A/CoreEmoji
0x00007fff292c6000 	/System/Library/PrivateFrameworks/LinguisticData.framework/Versions/A/LinguisticData
0x00007fff20feb000 	/System/Library/PrivateFrameworks/Lexicon.framework/Versions/A/Lexicon
0x00007fff2a8a2000 	/usr/lib/libcmph.dylib
0x00007fff27359000 	/System/Library/Frameworks/OpenDirectory.framework/Versions/A/Frameworks/CFOpenDirectory.framework/Versions/A/CFOpenDirectory
0x00007fff27349000 	/System/Library/Frameworks/OpenDirectory.framework/Versions/A/OpenDirectory
0x00007fff2ae10000 	/System/Library/PrivateFrameworks/APFS.framework/Versions/A/APFS
0x00007fff29e84000 	/System/Library/Frameworks/SecurityFoundation.framework/Versions/A/SecurityFoundation
0x00007fff2af19000 	/usr/lib/libutil.dylib
0x00007fff22d06000 	/System/Library/PrivateFrameworks/CoreServicesStore.framework/Versions/A/CoreServicesStore
0x00007fff29f1b000 	/System/Library/Frameworks/ServiceManagement.framework/Versions/A/ServiceManagement
0x00007fff2af1d000 	/usr/lib/libxslt.1.dylib
0x00007fff29f11000 	/System/Library/PrivateFrameworks/BackgroundTaskManagement.framework/Versions/A/BackgroundTaskManagement
0x00007fff2bf12000 	/System/Library/Frameworks/ImageIO.framework/Versions/A/Resources/libRadiance.dylib
0x00007fff2bf1c000 	/System/Library/Frameworks/ImageIO.framework/Versions/A/Resources/libJPEG.dylib
0x00007fff2be67000 	/System/Library/Frameworks/ImageIO.framework/Versions/A/Resources/libPng.dylib
0x00007fff2be8e000 	/System/Library/Frameworks/ImageIO.framework/Versions/A/Resources/libTIFF.dylib
0x00007fff2bf71000 	/System/Library/Frameworks/ImageIO.framework/Versions/A/Resources/libGIF.dylib
0x00007fff2bbca000 	/System/Library/Frameworks/ImageIO.framework/Versions/A/Resources/libJP2.dylib
0x00007fff2b2b4000 	/usr/lib/libexpat.1.dylib
0x00007fff2bb7f000 	/System/Library/PrivateFrameworks/AppleJPEG.framework/Versions/A/AppleJPEG
0x00007fff28760000 	/System/Library/PrivateFrameworks/FontServices.framework/libFontParser.dylib
0x00007fff263ee000 	/System/Library/PrivateFrameworks/RunningBoardServices.framework/Versions/A/RunningBoardServices
0x00007fff2bca9000 	/System/Library/PrivateFrameworks/WatchdogClient.framework/Versions/A/WatchdogClient
0x00007fff217e5000 	/System/Library/Frameworks/CoreDisplay.framework/Versions/A/CoreDisplay
0x00007fff28676000 	/System/Library/Frameworks/CoreMedia.framework/Versions/A/CoreMedia
0x00007fff274d6000 	/System/Library/Frameworks/CoreVideo.framework/Versions/A/CoreVideo
0x00007fff2bce1000 	/System/Library/Frameworks/VideoToolbox.framework/Versions/A/VideoToolbox
0x00007fff2636c000 	/System/Library/PrivateFrameworks/BaseBoard.framework/Versions/A/BaseBoard
0x00007fff2b3f9000 	/System/Library/PrivateFrameworks/PersistentConnection.framework/Versions/A/PersistentConnection
0x00007fff260ff000 	/System/Library/PrivateFrameworks/ProtocolBuffer.framework/Versions/A/ProtocolBuffer
0x00007fff26353000 	/System/Library/PrivateFrameworks/CommonUtilities.framework/Versions/A/CommonUtilities
0x00007fff2bb14000 	/System/Library/PrivateFrameworks/Bom.framework/Versions/A/Bom
0x00007fff2bf0b000 	/System/Library/PrivateFrameworks/GPUWrangler.framework/Versions/A/GPUWrangler
0x00007fff2beee000 	/System/Library/PrivateFrameworks/IOPresentment.framework/Versions/A/IOPresentment
0x00007fff2bf16000 	/System/Library/PrivateFrameworks/DSExternalDisplay.framework/Versions/A/DSExternalDisplay
0x00007fff2bf76000 	/System/Library/PrivateFrameworks/CMCaptureCore.framework/Versions/A/CMCaptureCore
0x00007fff2b899000 	/System/Library/PrivateFrameworks/AppServerSupport.framework/Versions/A/AppServerSupport
0x00007fff2d94a000 	/System/Library/PrivateFrameworks/perfdata.framework/Versions/A/perfdata
0x00007fff29e73000 	/System/Library/PrivateFrameworks/AssertionServices.framework/Versions/A/AssertionServices
0x00007fff2191c000 	/System/Library/PrivateFrameworks/AudioToolboxCore.framework/Versions/A/AudioToolboxCore
0x00007fff28659000 	/System/Library/PrivateFrameworks/caulk.framework/Versions/A/caulk
0x00007fff3d5f5000 	/System/Library/PrivateFrameworks/SystemPolicy.framework/Versions/A/SystemPolicy
0x00007fff2b0a9000 	/usr/lib/libIOReport.dylib
0x00007fff2d16c000 	/usr/lib/libSMC.dylib
0x00007fff2be34000 	/usr/lib/libAudioToolboxUtility.dylib
0x00007fff3df5f000 	/usr/lib/libmis.dylib
0x00007fff6cb1b000 	/System/Library/Frameworks/OpenGL.framework/Versions/A/Libraries/libGLU.dylib
0x00007fff6cade000 	/System/Library/Frameworks/OpenGL.framework/Versions/A/Libraries/libGFXShared.dylib
0x00007fff6cced000 	/System/Library/Frameworks/OpenGL.framework/Versions/A/Libraries/libGL.dylib
0x00007fff6cae7000 	/System/Library/Frameworks/OpenGL.framework/Versions/A/Libraries/libGLImage.dylib
0x00007fff6cadb000 	/System/Library/Frameworks/OpenGL.framework/Versions/A/Libraries/libCVMSPluginSupport.dylib
0x00007fff6cac6000 	/System/Library/Frameworks/OpenGL.framework/Versions/A/Libraries/libCoreVMClient.dylib
0x00007fff6e12e000 	/System/Library/Frameworks/OpenCL.framework/Versions/A/OpenCL
0x00007fff2b423000 	/System/Library/PrivateFrameworks/GraphVisualizer.framework/Versions/A/GraphVisualizer
0x00007fff2b432000 	/System/Library/PrivateFrameworks/FaceCore.framework/Versions/A/FaceCore
0x00007fff2b84e000 	/System/Library/PrivateFrameworks/OTSVG.framework/Versions/A/OTSVG
0x00007fff270cd000 	/System/Library/Frameworks/ApplicationServices.framework/Versions/A/Frameworks/ATS.framework/Versions/A/Resources/libFontRegistry.dylib
0x00007fff2b8a0000 	/System/Library/PrivateFrameworks/FontServices.framework/libhvf.dylib
0x00007fff2b260000 	/System/Library/PrivateFrameworks/AppleVA.framework/Versions/A/AppleVA
0x00007fff2cfb5000 	/System/Library/Frameworks/ApplicationServices.framework/Versions/A/Frameworks/ATS.framework/Versions/A/ATS
0x00007fff2d2c7000 	/System/Library/Frameworks/ApplicationServices.framework/Versions/A/Frameworks/ColorSyncLegacy.framework/Versions/A/ColorSyncLegacy
0x00007fff258d9000 	/System/Library/Frameworks/ApplicationServices.framework/Versions/A/Frameworks/HIServices.framework/Versions/A/HIServices
0x00007fff2d2ac000 	/System/Library/Frameworks/ApplicationServices.framework/Versions/A/Frameworks/LangAnalysis.framework/Versions/A/LangAnalysis
0x00007fff2bf80000 	/System/Library/Frameworks/ApplicationServices.framework/Versions/A/Frameworks/PrintCore.framework/Versions/A/PrintCore
0x00007fff2d2cf000 	/System/Library/Frameworks/ApplicationServices.framework/Versions/A/Frameworks/QD.framework/Versions/A/QD
0x00007fff2cfa5000 	/System/Library/Frameworks/ApplicationServices.framework/Versions/A/Frameworks/SpeechSynthesis.framework/Versions/A/SpeechSynthesis
0x00007fff2bf41000 	/System/Library/Frameworks/ApplicationServices.framework/Versions/A/Frameworks/ATSUI.framework/Versions/A/ATSUI
0x00007fff2d24c000 	/usr/lib/libcups.2.dylib
0x00007fff2d2bc000 	/System/Library/PrivateFrameworks/NetAuth.framework/Versions/A/NetAuth
0x00007fff2d966000 	/System/Library/Frameworks/Kerberos.framework/Versions/A/Kerberos
0x00007fff2d976000 	/System/Library/Frameworks/GSS.framework/Versions/A/GSS
0x00007fff2d021000 	/usr/lib/libresolv.9.dylib
0x00007fff2b8b5000 	/System/Library/PrivateFrameworks/Heimdal.framework/Versions/A/Heimdal
0x00007fff336fa000 	/System/Library/Frameworks/Kerberos.framework/Versions/A/Libraries/libHeimdalProxy.dylib
0x00007fff264bf000 	/System/Library/Frameworks/Network.framework/Versions/A/Network
0x00007fff2b2ce000 	/usr/lib/libheimdal-asn1.dylib
0x00007fff2d9c6000 	/System/Library/PrivateFrameworks/CommonAuth.framework/Versions/A/CommonAuth
0x00007fff27523000 	/System/Library/PrivateFrameworks/login.framework/Versions/A/Frameworks/loginsupport.framework/Versions/A/loginsupport
0x00007fff2cf2a000 	/System/Library/PrivateFrameworks/AudioSession.framework/Versions/A/AudioSession
0x00007fff2cf92000 	/usr/lib/libAudioStatistics.dylib
0x00007fff2b35b000 	/System/Library/PrivateFrameworks/MediaExperience.framework/Versions/A/MediaExperience
0x00007fff2cdc7000 	/System/Library/PrivateFrameworks/AudioSession.framework/libSessionUtility.dylib
0x00007fff2d957000 	/usr/lib/libperfcheck.dylib
0x00007fff2d2db000 	/System/Library/PrivateFrameworks/AudioResourceArbitration.framework/Versions/A/AudioResourceArbitration
0x00007fff2b2d8000 	/System/Library/PrivateFrameworks/IconFoundation.framework/Versions/A/IconFoundation
0x00007fff2fe04000 	/System/Library/PrivateFrameworks/SpeechRecognitionCore.framework/Versions/A/SpeechRecognitionCore
0x00007fff5df19000 	/System/Library/CoreServices/Encodings/libSimplifiedChineseConverter.dylib
0x000000010d800000 	/Users/nathan/Library/Java/JavaVirtualMachines/openjdk-15.0.1/Contents/Home/lib/parameterServer/libjvm.dylib
0x000000010541c000 	/Users/nathan/Library/Java/JavaVirtualMachines/openjdk-15.0.1/Contents/Home/lib/libjimage.dylib
0x000000010542a000 	/Users/nathan/Library/Java/JavaVirtualMachines/openjdk-15.0.1/Contents/Home/lib/libjdwp.dylib
0x000000010546e000 	/Users/nathan/Library/Java/JavaVirtualMachines/openjdk-15.0.1/Contents/Home/lib/libjava.dylib
0x0000000105798000 	/Users/nathan/Library/Java/JavaVirtualMachines/openjdk-15.0.1/Contents/Home/lib/libdt_socket.dylib
0x00000001057a4000 	/Users/nathan/Library/Java/JavaVirtualMachines/openjdk-15.0.1/Contents/Home/lib/libnio.dylib
0x00000001057b8000 	/Users/nathan/Library/Java/JavaVirtualMachines/openjdk-15.0.1/Contents/Home/lib/libnet.dylib
0x00000001057d1000 	/Users/nathan/Library/Java/JavaVirtualMachines/openjdk-15.0.1/Contents/Home/lib/libzip.dylib
0x00000001057df000 	/Users/nathan/Library/Java/JavaVirtualMachines/openjdk-15.0.1/Contents/Home/lib/libverify.dylib
0x00000001107d4000 	/Users/nathan/Library/Caches/JNA/temp/jna13961493427018366362.tmp
0x00007fff6f96f000 	/System/Library/Frameworks/JavaVM.framework/Versions/A/JavaVM
0x0000000134390000 	/Users/nathan/.djl.ai/mxnet/1.8.0-mkl-osx-x86_64/libmxnet.dylib
0x00000001057f0000 	/Users/nathan/Library/Java/JavaVirtualMachines/openjdk-15.0.1/Contents/Home/lib/libmanagement.dylib
0x000000011106c000 	/Users/nathan/Library/Java/JavaVirtualMachines/openjdk-15.0.1/Contents/Home/lib/libmanagement_ext.dylib
0x0000000111278000 	/Users/nathan/Library/Java/JavaVirtualMachines/openjdk-15.0.1/Contents/Home/lib/libosxkrb5.dylib
0x00007fff6f95b000 	/System/Library/Frameworks/JavaNativeFoundation.framework/Versions/A/JavaNativeFoundation
0x0000000111284000 	/Users/nathan/Library/Java/JavaVirtualMachines/openjdk-15.0.1/Contents/Home/lib/libjaas.dylib
0x000000011148c000 	/Users/nathan/Library/Java/JavaVirtualMachines/openjdk-15.0.1/Contents/Home/lib/libextnet.dylib


VM Arguments:
jvm_args: -agentlib:jdwp=transport=dt_socket,parameterServer=n,suspend=y,address=64220 -Dfile.encoding=UTF-8 -Duser.country=CN -Duser.language=zh -Duser.variant
java_command: djl.Run
java_class_path (initial): /Users/nathan/Documents/djl-master/djl-spark/build/classes/java/main:/Users/nathan/Documents/djl-master/djl-spark/build/resources/main:/Applications/IntelliJ IDEA.app/Contents/plugins/maven/lib/maven3/caches/modules-2/files-2.1/org.apache.spark/spark-sql_2.12/3.0.1/6092eed4b549bed8f475431fe0c322b12b32b7d5/spark-sql_2.12-3.0.1.jar:/Applications/IntelliJ IDEA.app/Contents/plugins/maven/lib/maven3/caches/modules-2/files-2.1/org.apache.spark/spark-catalyst_2.12/3.0.1/6a154d46edd6a04d73d7ad200df93ac0abf2879c/spark-catalyst_2.12-3.0.1.jar:/Applications/IntelliJ IDEA.app/Contents/plugins/maven/lib/maven3/caches/modules-2/files-2.1/org.apache.spark/spark-core_2.12/3.0.1/f9c51af1ce609063a52b83b6451a881e84d92001/spark-core_2.12-3.0.1.jar:/Users/nathan/Documents/djl-master/examples/build/libs/examples-0.11.0-SNAPSHOT.jar:/Applications/IntelliJ IDEA.app/Contents/plugins/maven/lib/maven3/caches/modules-2/files-2.1/org.apache.hadoop/hadoop-client/2.7.4/adfb60eb37014967ba902f04298fbad4b777b9e/hadoop-client-2.7.4.jar:/Applications/IntelliJ IDEA.app/Contents/plugins/maven/lib/maven3/caches/modules-2/files-2.1/org.apache.hadoop/hadoop-common/2.7.4/9afa8d2004a0bbd930d1ac10d221d927917067be/hadoop-common-2.7.4.jar:/Applications/IntelliJ IDEA.app/Contents/plugins/maven/lib/maven3/caches/modules-2/files-2.1/org.apache.hadoop/hadoop-hdfs/2.7.4/3e1414e3ae47e97f66b2eb904d3ec6c50a3e29d0/hadoop-hdfs-2.7.4.jar:/Applications/IntelliJ IDEA.app/Contents/plugins/maven/lib/maven3/caches/modules-2/files-2.1/org.apache.hadoop/hadoop-mapreduce-client-app/2.7.4/1eac14c9992afd923294e2b70b2cf4a860666b6e/hadoop-mapreduce-client-app-2.7.4.jar:/Applications/IntelliJ IDEA.app/Contents/plugins/maven/lib/maven3/caches/modules-2/files-2.1/org.apache.hadoop/hadoop-mapreduce-client-jobclient/2.7.4/6e1438b952eb0fad79dfac07459ecdae0bfef188/hadoop-mapreduce-client-jobclient-2.7.4.jar:/Applications/IntelliJ IDEA.app/Contents/plugins/maven/lib/maven3/caches/modules-2/files-2.1/org.apache.ha
Launcher Type: SUN_STANDARD

[Global flags]
     intx CICompilerCount                          = 12                                        {product} {ergonomic}
     uint ConcGCThreads                            = 3                                         {product} {ergonomic}
     uint G1ConcRefinementThreads                  = 13                                        {product} {ergonomic}
   size_t G1HeapRegionSize                         = 2097152                                   {product} {ergonomic}
    uintx GCDrainStackTargetSize                   = 64                                        {product} {ergonomic}
   size_t InitialHeapSize                          = 268435456                                 {product} {ergonomic}
   size_t MarkStackSize                            = 4194304                                   {product} {ergonomic}
   size_t MaxHeapSize                              = 4294967296                                {product} {ergonomic}
   size_t MaxNewSize                               = 2575302656                                {product} {ergonomic}
   size_t MinHeapDeltaBytes                        = 2097152                                   {product} {ergonomic}
   size_t MinHeapSize                              = 8388608                                   {product} {ergonomic}
    uintx NonNMethodCodeHeapSize                   = 7602480                                {pd product} {ergonomic}
    uintx NonProfiledCodeHeapSize                  = 122027880                              {pd product} {ergonomic}
    uintx ProfiledCodeHeapSize                     = 122027880                              {pd product} {ergonomic}
    uintx ReservedCodeCacheSize                    = 251658240                              {pd product} {ergonomic}
     bool SegmentedCodeCache                       = true                                      {product} {ergonomic}
   size_t SoftMaxHeapSize                          = 4294967296                             {manageable} {ergonomic}
     bool UseCompressedClassPointers               = true                                 {lp64_product} {ergonomic}
     bool UseCompressedOops                        = true                                 {lp64_product} {ergonomic}
     bool UseG1GC                                  = true                                      {product} {ergonomic}
     bool UseNUMA                                  = false                                     {product} {ergonomic}
     bool UseNUMAInterleaving                      = false                                     {product} {ergonomic}

Logging:
Log output configuration:
 #0: stdout all=warning uptime,level,tags
 #1: stderr all=off uptime,level,tags

Environment Variables:
PATH=/Library/Frameworks/Python.framework/Versions/3.8/bin:/usr/local/bin:/usr/bin:/bin:/usr/sbin:/sbin
SHELL=/bin/zsh
LC_CTYPE=zh_CN.UTF-8

Signal Handlers:
SIGSEGV: [libjvm.dylib+0xa00020], sa_mask[0]=11111111011111110111111111111111, sa_flags=SA_ONSTACK|SA_RESTART|SA_SIGINFO
SIGBUS: [libjvm.dylib+0xa00020], sa_mask[0]=11111111011111110111111111111111, sa_flags=SA_RESTART|SA_SIGINFO
SIGFPE: [libjvm.dylib+0xa00020], sa_mask[0]=11111111011111110111111111111111, sa_flags=SA_RESTART|SA_SIGINFO
SIGPIPE: [libjvm.dylib+0x82b7f0], sa_mask[0]=11111111011111110111111111111111, sa_flags=SA_RESTART|SA_SIGINFO
SIGXFSZ: [libjvm.dylib+0x82b7f0], sa_mask[0]=11111111011111110111111111111111, sa_flags=SA_RESTART|SA_SIGINFO
SIGILL: [libjvm.dylib+0xa00020], sa_mask[0]=11111111011111110111111111111111, sa_flags=SA_RESTART|SA_SIGINFO
SIGUSR2: [libjvm.dylib+0x82c300], sa_mask[0]=00100000000000000000000000000000, sa_flags=SA_RESTART|SA_SIGINFO
SIGHUP: [libjvm.dylib+0x82aa00], sa_mask[0]=11111111011111110111111111111111, sa_flags=SA_RESTART|SA_SIGINFO
SIGINT: [libjvm.dylib+0x82aa00], sa_mask[0]=11111111011111110111111111111111, sa_flags=SA_RESTART|SA_SIGINFO
SIGTERM: [libjvm.dylib+0x82aa00], sa_mask[0]=11111111011111110111111111111111, sa_flags=SA_RESTART|SA_SIGINFO
SIGQUIT: [libjvm.dylib+0x82aa00], sa_mask[0]=11111111011111110111111111111111, sa_flags=SA_RESTART|SA_SIGINFO


---------------  S Y S T E M  ---------------

OS:uname: Darwin 20.3.0 Darwin Kernel Version 20.3.0: Thu Jan 21 00:07:06 PST 2021; root:xnu-7195.81.3~1/RELEASE_X86_64 x86_64
OS uptime: 9 days 0:56 hours
rlimit (soft/hard): STACK 8192k/65532k , CORE 0k/infinity , NPROC 2784/4176 , NOFILE 10240/infinity , AS infinity/infinity , CPU infinity/infinity , DATA infinity/infinity , FSIZE infinity/infinity , MEMLOCK infinity/infinity , RSS infinity/infinity
load average: 2.38 1.86 1.85

CPU: total 16 (initial active 16) (8 cores per cpu, 2 threads per core) family 6 model 158 stepping 13 microcode 0xde, cmov, cx8, fxsr, mmx, sse, sse2, sse3, ssse3, sse4.1, sse4.2, popcnt, vzeroupper, avx, avx2, aes, clmul, erms, 3dnowpref, lzcnt, ht, tsc, tscinvbit, bmi1, bmi2, adx, fma, clflush, clflushopt

Memory: 4k page, physical 16777216k(16412k free), swap 6291456k(1217024k free)

vm_info: OpenJDK 64-Bit Server VM (15.0.1+9-18) for bsd-amd64 JRE (15.0.1+9-18), built on Sep 15 2020 13:39:50 by "mach5one" with clang 4.2.1 Compatible Apple LLVM 10.0.0 (clang-1000.11.45.5)

END.
